[10-Mar-2018 12:17:00] PHP Warning:  mail() [<a href='function.mail'>function.mail</a>]: Failed to connect to mailserver at &quot;ALFAMOS3.MOSCOW.ALFAINTRA.NET&quot; port 25, verify your &quot;SMTP&quot; and &quot;smtp_port&quot; setting in php.ini or use ini_set() in D:\mondq\MAIL_REPORTS\test\sending_report.php on line 114
[19-Apr-2018 16:34:15] PHP Warning:  Invalid argument supplied for foreach() in D:\mondq\MAIL_REPORTS\test\sending_report.php on line 50
[19-Apr-2018 16:34:15] PHP Warning:  mail() [<a href='function.mail'>function.mail</a>]: SMTP server response: 554 Transaction failed - Bare Line Feeds not allowed, see RFC 2821. in D:\mondq\MAIL_REPORTS\test\sending_report.php on line 114
[19-Apr-2018 17:49:45] PHP Warning:  Invalid argument supplied for foreach() in D:\mondq\MAIL_REPORTS\test\sending_report.php on line 50
[19-Apr-2018 17:49:45] PHP Warning:  mail() [<a href='function.mail'>function.mail</a>]: SMTP server response: 554 Transaction failed - Bare Line Feeds not allowed, see RFC 2821. in D:\mondq\MAIL_REPORTS\test\sending_report.php on line 114
[15-Jun-2018 16:16:07] PHP Warning:  Invalid argument supplied for foreach() in D:\mondq\MAIL_REPORTS\test\sending_report.php on line 50
[15-Jun-2018 16:16:07] PHP Warning:  mail() [<a href='function.mail'>function.mail</a>]: SMTP server response: 554 Transaction failed - Bare Line Feeds not allowed, see RFC 2821. in D:\mondq\MAIL_REPORTS\test\sending_report.php on line 114
[16-Jun-2018 15:31:33] PHP Warning:  mail() [<a href='function.mail'>function.mail</a>]: Failed to connect to mailserver at &quot;ALFAMOS3.MOSCOW.ALFAINTRA.NET&quot; port 25, verify your &quot;SMTP&quot; and &quot;smtp_port&quot; setting in php.ini or use ini_set() in D:\mondq\MAIL_REPORTS\test\sending_report.php on line 114
[21-Sep-2018 22:46:16] PHP Warning:  Invalid argument supplied for foreach() in D:\mondq\MAIL_REPORTS\test\sending_report.php on line 50
[21-Sep-2018 22:46:16] PHP Warning:  mail() [<a href='function.mail'>function.mail</a>]: SMTP server response: 554 Transaction failed - Bare Line Feeds not allowed, see RFC 2821. in D:\mondq\MAIL_REPORTS\test\sending_report.php on line 114
[28-Sep-2018 18:46:21] PHP Warning:  Invalid argument supplied for foreach() in D:\mondq\MAIL_REPORTS\test\sending_report.php on line 50
[28-Sep-2018 18:46:21] PHP Warning:  mail() [<a href='function.mail'>function.mail</a>]: SMTP server response: 554 Transaction failed - Bare Line Feeds not allowed, see RFC 2821. in D:\mondq\MAIL_REPORTS\test\sending_report.php on line 114
[12-Oct-2018 17:17:24] PHP Warning:  Invalid argument supplied for foreach() in D:\mondq\MAIL_REPORTS\test\sending_report.php on line 50
[12-Oct-2018 17:17:24] PHP Warning:  mail() [<a href='function.mail'>function.mail</a>]: SMTP server response: 554 Transaction failed - Bare Line Feeds not allowed, see RFC 2821. in D:\mondq\MAIL_REPORTS\test\sending_report.php on line 114
[17-Oct-2018 18:16:37] PHP Warning:  Invalid argument supplied for foreach() in D:\mondq\MAIL_REPORTS\test\sending_report.php on line 50
[17-Oct-2018 18:16:37] PHP Warning:  mail() [<a href='function.mail'>function.mail</a>]: SMTP server response: 554 Transaction failed - Bare Line Feeds not allowed, see RFC 2821. in D:\mondq\MAIL_REPORTS\test\sending_report.php on line 114
[29-Nov-2018 15:46:59] PHP Warning:  Invalid argument supplied for foreach() in D:\mondq\MAIL_REPORTS\test\sending_report.php on line 50
[29-Nov-2018 15:46:59] PHP Warning:  mail() [<a href='function.mail'>function.mail</a>]: SMTP server response: 554 Transaction failed - Bare Line Feeds not allowed, see RFC 2821. in D:\mondq\MAIL_REPORTS\test\sending_report.php on line 114
[17-Jan-2019 20:17:56] PHP Warning:  Invalid argument supplied for foreach() in D:\mondq\MAIL_REPORTS\test\sending_report.php on line 50
[17-Jan-2019 20:17:56] PHP Warning:  mail() [<a href='function.mail'>function.mail</a>]: SMTP server response: 554 Transaction failed - Bare Line Feeds not allowed, see RFC 2821. in D:\mondq\MAIL_REPORTS\test\sending_report.php on line 114
[24-Jan-2019 12:00:24] PHP Warning:  ora_parse(): supplied argument is not a valid Oracle-Cursor resource in D:\mondq\MAIL_REPORTS\test\libs.php on line 17
[24-Jan-2019 12:00:24] PHP Warning:  ora_exec(): supplied argument is not a valid Oracle-Cursor resource in D:\mondq\MAIL_REPORTS\test\libs.php on line 18
[24-Jan-2019 12:00:24] PHP Warning:  ora_fetch_into(): supplied argument is not a valid Oracle-Cursor resource in D:\mondq\MAIL_REPORTS\test\libs.php on line 20
[24-Jan-2019 12:00:24] PHP Warning:  ora_parse(): supplied argument is not a valid Oracle-Cursor resource in D:\mondq\MAIL_REPORTS\test\libs.php on line 157
[24-Jan-2019 12:00:24] PHP Warning:  ora_exec(): supplied argument is not a valid Oracle-Cursor resource in D:\mondq\MAIL_REPORTS\test\libs.php on line 158
[24-Jan-2019 12:00:24] PHP Warning:  ora_fetch_into(): supplied argument is not a valid Oracle-Cursor resource in D:\mondq\MAIL_REPORTS\test\libs.php on line 160
[24-Jan-2019 12:00:24] PHP Warning:  Invalid argument supplied for foreach() in D:\mondq\MAIL_REPORTS\test\sending_report.php on line 101
[24-Jan-2019 12:27:14] PHP Warning:  ora_parse(): supplied argument is not a valid Oracle-Cursor resource in D:\mondq\MAIL_REPORTS\test\libs.php on line 17
[24-Jan-2019 12:27:14] PHP Warning:  ora_exec(): supplied argument is not a valid Oracle-Cursor resource in D:\mondq\MAIL_REPORTS\test\libs.php on line 18
[24-Jan-2019 12:27:14] PHP Warning:  ora_fetch_into(): supplied argument is not a valid Oracle-Cursor resource in D:\mondq\MAIL_REPORTS\test\libs.php on line 20
[24-Jan-2019 12:27:14] PHP Warning:  ora_parse(): supplied argument is not a valid Oracle-Cursor resource in D:\mondq\MAIL_REPORTS\test\libs.php on line 157
[24-Jan-2019 12:27:14] PHP Warning:  ora_exec(): supplied argument is not a valid Oracle-Cursor resource in D:\mondq\MAIL_REPORTS\test\libs.php on line 158
[24-Jan-2019 12:27:14] PHP Warning:  ora_fetch_into(): supplied argument is not a valid Oracle-Cursor resource in D:\mondq\MAIL_REPORTS\test\libs.php on line 160
[24-Jan-2019 12:27:14] PHP Warning:  Invalid argument supplied for foreach() in D:\mondq\MAIL_REPORTS\test\sending_report.php on line 101
[24-Jan-2019 13:11:19] PHP Warning:  ora_exec(): supplied argument is not a valid Oracle-Cursor resource in D:\mondq\MAIL_REPORTS\test\libs.php on line 18
[24-Jan-2019 13:11:19] PHP Warning:  ora_fetch_into(): supplied argument is not a valid Oracle-Cursor resource in D:\mondq\MAIL_REPORTS\test\libs.php on line 20
[24-Jan-2019 13:11:19] PHP Warning:  ora_parse(): supplied argument is not a valid Oracle-Cursor resource in D:\mondq\MAIL_REPORTS\test\libs.php on line 157
[24-Jan-2019 13:11:19] PHP Warning:  ora_exec(): supplied argument is not a valid Oracle-Cursor resource in D:\mondq\MAIL_REPORTS\test\libs.php on line 158
[24-Jan-2019 13:11:19] PHP Warning:  ora_fetch_into(): supplied argument is not a valid Oracle-Cursor resource in D:\mondq\MAIL_REPORTS\test\libs.php on line 160
[24-Jan-2019 13:11:19] PHP Warning:  Invalid argument supplied for foreach() in D:\mondq\MAIL_REPORTS\test\sending_report.php on line 101
[24-Jan-2019 13:16:13] PHP Warning:  Invalid argument supplied for foreach() in D:\mondq\MAIL_REPORTS\test\sending_report.php on line 50
[24-Jan-2019 13:16:13] PHP Warning:  mail() [<a href='function.mail'>function.mail</a>]: SMTP server response: 554 Transaction failed - Bare Line Feeds not allowed, see RFC 2821. in D:\mondq\MAIL_REPORTS\test\sending_report.php on line 114
[24-Jan-2019 13:23:34] PHP Warning:  Invalid argument supplied for foreach() in D:\mondq\MAIL_REPORTS\test\sending_report.php on line 50
[24-Jan-2019 13:23:35] PHP Warning:  mail() [<a href='function.mail'>function.mail</a>]: SMTP server response: 554 Transaction failed - Bare Line Feeds not allowed, see RFC 2821. in D:\mondq\MAIL_REPORTS\test\sending_report.php on line 114
[31-Jan-2019 05:37:13] PHP Warning:  Invalid argument supplied for foreach() in D:\mondq\MAIL_REPORTS\WORK\sending_report.php on line 101
[01-Mar-2019 18:51:24] PHP Warning:  Invalid argument supplied for foreach() in D:\mondq\MAIL_REPORTS\WORK\sending_report.php on line 50
[01-Mar-2019 18:51:24] PHP Warning:  mail() [<a href='function.mail'>function.mail</a>]: SMTP server response: 554 Transaction failed - Bare Line Feeds not allowed, see RFC 2821. in D:\mondq\MAIL_REPORTS\WORK\sending_report.php on line 114
[05-Mar-2019 18:51:25] PHP Warning:  Invalid argument supplied for foreach() in D:\mondq\MAIL_REPORTS\WORK\sending_report.php on line 50
[05-Mar-2019 18:51:25] PHP Warning:  mail() [<a href='function.mail'>function.mail</a>]: SMTP server response: 554 Transaction failed - Bare Line Feeds not allowed, see RFC 2821. in D:\mondq\MAIL_REPORTS\WORK\sending_report.php on line 114
[09-Mar-2019 21:06:23] PHP Warning:  Invalid argument supplied for foreach() in D:\mondq\MAIL_REPORTS\WORK\sending_report.php on line 50
[09-Mar-2019 21:06:23] PHP Warning:  mail() [<a href='function.mail'>function.mail</a>]: SMTP server response: 554 Transaction failed - Bare Line Feeds not allowed, see RFC 2821. in D:\mondq\MAIL_REPORTS\WORK\sending_report.php on line 114
[16-Mar-2019 20:55:28] PHP Warning:  Invalid argument supplied for foreach() in D:\mondq\MAIL_REPORTS\WORK\sending_report.php on line 50
[16-Mar-2019 20:55:28] PHP Warning:  mail() [<a href='function.mail'>function.mail</a>]: SMTP server response: 554 Transaction failed - Bare Line Feeds not allowed, see RFC 2821. in D:\mondq\MAIL_REPORTS\WORK\sending_report.php on line 114
[16-Mar-2019 22:11:01] PHP Warning:  Invalid argument supplied for foreach() in D:\mondq\MAIL_REPORTS\WORK\sending_report.php on line 50
[16-Mar-2019 22:11:01] PHP Warning:  mail() [<a href='function.mail'>function.mail</a>]: SMTP server response: 554 Transaction failed - Bare Line Feeds not allowed, see RFC 2821. in D:\mondq\MAIL_REPORTS\WORK\sending_report.php on line 114
[23-Mar-2019 21:34:55] PHP Warning:  Invalid argument supplied for foreach() in D:\mondq\MAIL_REPORTS\WORK\sending_report.php on line 50
[23-Mar-2019 21:34:55] PHP Warning:  mail() [<a href='function.mail'>function.mail</a>]: SMTP server response: 554 Transaction failed - Bare Line Feeds not allowed, see RFC 2821. in D:\mondq\MAIL_REPORTS\WORK\sending_report.php on line 114
[23-Mar-2019 23:11:41] PHP Warning:  Invalid argument supplied for foreach() in D:\mondq\MAIL_REPORTS\WORK\sending_report.php on line 50
[23-Mar-2019 23:11:41] PHP Warning:  mail() [<a href='function.mail'>function.mail</a>]: SMTP server response: 554 Transaction failed - Bare Line Feeds not allowed, see RFC 2821. in D:\mondq\MAIL_REPORTS\WORK\sending_report.php on line 114
[01-Apr-2019 20:13:24] PHP Warning:  Invalid argument supplied for foreach() in D:\mondq\MAIL_REPORTS\WORK\sending_report.php on line 50
[01-Apr-2019 20:13:24] PHP Warning:  mail() [<a href='function.mail'>function.mail</a>]: SMTP server response: 554 Transaction failed - Bare Line Feeds not allowed, see RFC 2821. in D:\mondq\MAIL_REPORTS\WORK\sending_report.php on line 114
[06-Apr-2019 22:30:17] PHP Warning:  Invalid argument supplied for foreach() in D:\mondq\MAIL_REPORTS\WORK\sending_report.php on line 50
[06-Apr-2019 22:30:17] PHP Warning:  mail() [<a href='function.mail'>function.mail</a>]: SMTP server response: 554 Transaction failed - Bare Line Feeds not allowed, see RFC 2821. in D:\mondq\MAIL_REPORTS\WORK\sending_report.php on line 114
[09-Apr-2019 18:16:58] PHP Warning:  Invalid argument supplied for foreach() in D:\mondq\MAIL_REPORTS\WORK\sending_report.php on line 50
[09-Apr-2019 18:16:58] PHP Warning:  mail() [<a href='function.mail'>function.mail</a>]: SMTP server response: 554 Transaction failed - Bare Line Feeds not allowed, see RFC 2821. in D:\mondq\MAIL_REPORTS\WORK\sending_report.php on line 114
[13-Apr-2019 23:50:42] PHP Warning:  Invalid argument supplied for foreach() in D:\mondq\MAIL_REPORTS\WORK\sending_report.php on line 50
[13-Apr-2019 23:50:42] PHP Warning:  mail() [<a href='function.mail'>function.mail</a>]: SMTP server response: 554 Transaction failed - Bare Line Feeds not allowed, see RFC 2821. in D:\mondq\MAIL_REPORTS\WORK\sending_report.php on line 114
[20-Apr-2019 20:28:12] PHP Warning:  Invalid argument supplied for foreach() in D:\mondq\MAIL_REPORTS\WORK\sending_report.php on line 50
[20-Apr-2019 20:28:12] PHP Warning:  mail() [<a href='function.mail'>function.mail</a>]: SMTP server response: 554 Transaction failed - Bare Line Feeds not allowed, see RFC 2821. in D:\mondq\MAIL_REPORTS\WORK\sending_report.php on line 114
[20-Apr-2019 22:42:40] PHP Warning:  Invalid argument supplied for foreach() in D:\mondq\MAIL_REPORTS\WORK\sending_report.php on line 50
[20-Apr-2019 22:42:40] PHP Warning:  mail() [<a href='function.mail'>function.mail</a>]: SMTP server response: 554 Transaction failed - Bare Line Feeds not allowed, see RFC 2821. in D:\mondq\MAIL_REPORTS\WORK\sending_report.php on line 114
[18-May-2019 19:48:27] PHP Warning:  Invalid argument supplied for foreach() in D:\mondq\MAIL_REPORTS\WORK\sending_report.php on line 50
[18-May-2019 19:48:27] PHP Warning:  mail() [<a href='function.mail'>function.mail</a>]: SMTP server response: 554 Transaction failed - Bare Line Feeds not allowed, see RFC 2821. in D:\mondq\MAIL_REPORTS\WORK\sending_report.php on line 114
[19-May-2019 22:54:58] PHP Warning:  Invalid argument supplied for foreach() in D:\mondq\MAIL_REPORTS\WORK\sending_report.php on line 50
[19-May-2019 22:54:58] PHP Warning:  mail() [<a href='function.mail'>function.mail</a>]: SMTP server response: 554 Transaction failed - Bare Line Feeds not allowed, see RFC 2821. in D:\mondq\MAIL_REPORTS\WORK\sending_report.php on line 114
[02-Jun-2019 20:59:56] PHP Warning:  Invalid argument supplied for foreach() in D:\mondq\MAIL_REPORTS\WORK\sending_report.php on line 50
[02-Jun-2019 20:59:56] PHP Warning:  mail() [<a href='function.mail'>function.mail</a>]: SMTP server response: 554 Transaction failed - Bare Line Feeds not allowed, see RFC 2821. in D:\mondq\MAIL_REPORTS\WORK\sending_report.php on line 114
[16-Jun-2019 21:08:01] PHP Warning:  Invalid argument supplied for foreach() in D:\mondq\MAIL_REPORTS\WORK\sending_report.php on line 50
[16-Jun-2019 21:08:01] PHP Warning:  mail() [<a href='function.mail'>function.mail</a>]: SMTP server response: 554 Transaction failed - Bare Line Feeds not allowed, see RFC 2821. in D:\mondq\MAIL_REPORTS\WORK\sending_report.php on line 114
[20-Jun-2019 23:55:08] PHP Warning:  Invalid argument supplied for foreach() in D:\mondq\MAIL_REPORTS\WORK\sending_report.php on line 50
[20-Jun-2019 23:55:08] PHP Warning:  mail() [<a href='function.mail'>function.mail</a>]: SMTP server response: 554 Transaction failed - Bare Line Feeds not allowed, see RFC 2821. in D:\mondq\MAIL_REPORTS\WORK\sending_report.php on line 114
[07-Jul-2019 22:14:50] PHP Warning:  Invalid argument supplied for foreach() in D:\mondq\MAIL_REPORTS\WORK\sending_report.php on line 50
[07-Jul-2019 22:14:50] PHP Warning:  mail() [<a href='function.mail'>function.mail</a>]: SMTP server response: 554 Transaction failed - Bare Line Feeds not allowed, see RFC 2821. in D:\mondq\MAIL_REPORTS\WORK\sending_report.php on line 114
